CRITICAL - 2026-01-13 07:05:17 --> Error: Call to undefined function App\Controllers\alert()
[Method: GET, Route: timein]
in APPPATH\Controllers\AttendanceController.php on line 9.
 1 SYSTEMPATH\CodeIgniter.php(933): App\Controllers\AttendanceController->TimeIn()
 2 SYSTEMPATH\CodeIgniter.php(507): CodeIgniter\CodeIgniter->runController(Object(App\Controllers\AttendanceController))
 3 SYSTEMPATH\CodeIgniter.php(354): CodeIgniter\CodeIgniter->handleRequest(null, Object(Config\Cache), false)
 4 SYSTEMPATH\Boot.php(334): CodeIgniter\CodeIgniter->run()
 5 SYSTEMPATH\Boot.php(67): CodeIgniter\Boot::runCodeIgniter(Object(CodeIgniter\CodeIgniter))
 6 FCPATH\index.php(59): CodeIgniter\Boot::bootWeb(Object(Config\Paths))
CRITICAL - 2026-01-13 07:05:23 --> Error: Call to undefined function App\Controllers\alert()
[Method: GET, Route: timein]
in APPPATH\Controllers\AttendanceController.php on line 9.
 1 SYSTEMPATH\CodeIgniter.php(933): App\Controllers\AttendanceController->TimeIn()
 2 SYSTEMPATH\CodeIgniter.php(507): CodeIgniter\CodeIgniter->runController(Object(App\Controllers\AttendanceController))
 3 SYSTEMPATH\CodeIgniter.php(354): CodeIgniter\CodeIgniter->handleRequest(null, Object(Config\Cache), false)
 4 SYSTEMPATH\Boot.php(334): CodeIgniter\CodeIgniter->run()
 5 SYSTEMPATH\Boot.php(67): CodeIgniter\Boot::runCodeIgniter(Object(CodeIgniter\CodeIgniter))
 6 FCPATH\index.php(59): CodeIgniter\Boot::bootWeb(Object(Config\Paths))
CRITICAL - 2026-01-13 07:05:47 --> Error: Call to undefined function App\Controllers\alert()
[Method: GET, Route: timein]
in APPPATH\Controllers\AttendanceController.php on line 9.
 1 SYSTEMPATH\CodeIgniter.php(933): App\Controllers\AttendanceController->TimeIn()
 2 SYSTEMPATH\CodeIgniter.php(507): CodeIgniter\CodeIgniter->runController(Object(App\Controllers\AttendanceController))
 3 SYSTEMPATH\CodeIgniter.php(354): CodeIgniter\CodeIgniter->handleRequest(null, Object(Config\Cache), false)
 4 SYSTEMPATH\Boot.php(334): CodeIgniter\CodeIgniter->run()
 5 SYSTEMPATH\Boot.php(67): CodeIgniter\Boot::runCodeIgniter(Object(CodeIgniter\CodeIgniter))
 6 FCPATH\index.php(59): CodeIgniter\Boot::bootWeb(Object(Config\Paths))
CRITICAL - 2026-01-13 07:05:48 --> Error: Call to undefined function App\Controllers\alert()
[Method: GET, Route: timein]
in APPPATH\Controllers\AttendanceController.php on line 9.
 1 SYSTEMPATH\CodeIgniter.php(933): App\Controllers\AttendanceController->TimeIn()
 2 SYSTEMPATH\CodeIgniter.php(507): CodeIgniter\CodeIgniter->runController(Object(App\Controllers\AttendanceController))
 3 SYSTEMPATH\CodeIgniter.php(354): CodeIgniter\CodeIgniter->handleRequest(null, Object(Config\Cache), false)
 4 SYSTEMPATH\Boot.php(334): CodeIgniter\CodeIgniter->run()
 5 SYSTEMPATH\Boot.php(67): CodeIgniter\Boot::runCodeIgniter(Object(CodeIgniter\CodeIgniter))
 6 FCPATH\index.php(59): CodeIgniter\Boot::bootWeb(Object(Config\Paths))
CRITICAL - 2026-01-13 07:06:09 --> TypeError: App\Controllers\AttendanceController::TimeIn(): Return value must be of type string, none returned
[Method: GET, Route: timein]
in APPPATH\Controllers\AttendanceController.php on line 11.
 1 SYSTEMPATH\CodeIgniter.php(933): App\Controllers\AttendanceController->TimeIn()
 2 SYSTEMPATH\CodeIgniter.php(507): CodeIgniter\CodeIgniter->runController(Object(App\Controllers\AttendanceController))
 3 SYSTEMPATH\CodeIgniter.php(354): CodeIgniter\CodeIgniter->handleRequest(null, Object(Config\Cache), false)
 4 SYSTEMPATH\Boot.php(334): CodeIgniter\CodeIgniter->run()
 5 SYSTEMPATH\Boot.php(67): CodeIgniter\Boot::runCodeIgniter(Object(CodeIgniter\CodeIgniter))
 6 FCPATH\index.php(59): CodeIgniter\Boot::bootWeb(Object(Config\Paths))
CRITICAL - 2026-01-13 07:06:10 --> TypeError: App\Controllers\AttendanceController::TimeIn(): Return value must be of type string, none returned
[Method: GET, Route: timein]
in APPPATH\Controllers\AttendanceController.php on line 11.
 1 SYSTEMPATH\CodeIgniter.php(933): App\Controllers\AttendanceController->TimeIn()
 2 SYSTEMPATH\CodeIgniter.php(507): CodeIgniter\CodeIgniter->runController(Object(App\Controllers\AttendanceController))
 3 SYSTEMPATH\CodeIgniter.php(354): CodeIgniter\CodeIgniter->handleRequest(null, Object(Config\Cache), false)
 4 SYSTEMPATH\Boot.php(334): CodeIgniter\CodeIgniter->run()
 5 SYSTEMPATH\Boot.php(67): CodeIgniter\Boot::runCodeIgniter(Object(CodeIgniter\CodeIgniter))
 6 FCPATH\index.php(59): CodeIgniter\Boot::bootWeb(Object(Config\Paths))
CRITICAL - 2026-01-13 07:06:13 --> TypeError: App\Controllers\AttendanceController::TimeIn(): Return value must be of type string, none returned
[Method: GET, Route: timein]
in APPPATH\Controllers\AttendanceController.php on line 11.
 1 SYSTEMPATH\CodeIgniter.php(933): App\Controllers\AttendanceController->TimeIn()
 2 SYSTEMPATH\CodeIgniter.php(507): CodeIgniter\CodeIgniter->runController(Object(App\Controllers\AttendanceController))
 3 SYSTEMPATH\CodeIgniter.php(354): CodeIgniter\CodeIgniter->handleRequest(null, Object(Config\Cache), false)
 4 SYSTEMPATH\Boot.php(334): CodeIgniter\CodeIgniter->run()
 5 SYSTEMPATH\Boot.php(67): CodeIgniter\Boot::runCodeIgniter(Object(CodeIgniter\CodeIgniter))
 6 FCPATH\index.php(59): CodeIgniter\Boot::bootWeb(Object(Config\Paths))
CRITICAL - 2026-01-13 07:06:14 --> TypeError: App\Controllers\AttendanceController::TimeIn(): Return value must be of type string, none returned
[Method: GET, Route: timein]
in APPPATH\Controllers\AttendanceController.php on line 11.
 1 SYSTEMPATH\CodeIgniter.php(933): App\Controllers\AttendanceController->TimeIn()
 2 SYSTEMPATH\CodeIgniter.php(507): CodeIgniter\CodeIgniter->runController(Object(App\Controllers\AttendanceController))
 3 SYSTEMPATH\CodeIgniter.php(354): CodeIgniter\CodeIgniter->handleRequest(null, Object(Config\Cache), false)
 4 SYSTEMPATH\Boot.php(334): CodeIgniter\CodeIgniter->run()
 5 SYSTEMPATH\Boot.php(67): CodeIgniter\Boot::runCodeIgniter(Object(CodeIgniter\CodeIgniter))
 6 FCPATH\index.php(59): CodeIgniter\Boot::bootWeb(Object(Config\Paths))
CRITICAL - 2026-01-13 07:06:28 --> TypeError: App\Controllers\AttendanceController::TimeIn(): Return value must be of type string, none returned
[Method: GET, Route: timein]
in APPPATH\Controllers\AttendanceController.php on line 11.
 1 SYSTEMPATH\CodeIgniter.php(933): App\Controllers\AttendanceController->TimeIn()
 2 SYSTEMPATH\CodeIgniter.php(507): CodeIgniter\CodeIgniter->runController(Object(App\Controllers\AttendanceController))
 3 SYSTEMPATH\CodeIgniter.php(354): CodeIgniter\CodeIgniter->handleRequest(null, Object(Config\Cache), false)
 4 SYSTEMPATH\Boot.php(334): CodeIgniter\CodeIgniter->run()
 5 SYSTEMPATH\Boot.php(67): CodeIgniter\Boot::runCodeIgniter(Object(CodeIgniter\CodeIgniter))
 6 FCPATH\index.php(59): CodeIgniter\Boot::bootWeb(Object(Config\Paths))
CRITICAL - 2026-01-13 07:19:47 --> TypeError: App\Controllers\AttendanceController::Location(): Return value must be of type string, none returned
[Method: GET, Route: location]
in APPPATH\Controllers\AttendanceController.php on line 21.
 1 SYSTEMPATH\CodeIgniter.php(933): App\Controllers\AttendanceController->Location()
 2 SYSTEMPATH\CodeIgniter.php(507): CodeIgniter\CodeIgniter->runController(Object(App\Controllers\AttendanceController))
 3 SYSTEMPATH\CodeIgniter.php(354): CodeIgniter\CodeIgniter->handleRequest(null, Object(Config\Cache), false)
 4 SYSTEMPATH\Boot.php(334): CodeIgniter\CodeIgniter->run()
 5 SYSTEMPATH\Boot.php(67): CodeIgniter\Boot::runCodeIgniter(Object(CodeIgniter\CodeIgniter))
 6 FCPATH\index.php(59): CodeIgniter\Boot::bootWeb(Object(Config\Paths))
CRITICAL - 2026-01-13 07:21:51 --> ErrorException: Undefined variable $base_url
[Method: GET, Route: timein]
in APPPATH\Views\pages\attendance\time-in.php on line 100.
 1 APPPATH\Views\pages\attendance\time-in.php(100): CodeIgniter\Debug\Exceptions->errorHandler(2, 'Undefined variable $base_url', 'C:\\xampp\\htdocs\\holibeancoffee\\app\\Views\\pages\\attendance\\time-in.php', 100)
 2 SYSTEMPATH\View\View.php(224): include('C:\\xampp\\htdocs\\holibeancoffee\\app\\Views\\pages\\attendance\\time-in.php')
 3 SYSTEMPATH\View\View.php(227): CodeIgniter\View\View->CodeIgniter\View\{closure}()
 4 SYSTEMPATH\Common.php(1173): CodeIgniter\View\View->render('pages/attendance/time-in', [], true)
 5 APPPATH\Controllers\AttendanceController.php(10): view('pages/attendance/time-in')
 6 SYSTEMPATH\CodeIgniter.php(933): App\Controllers\AttendanceController->TimeIn()
 7 SYSTEMPATH\CodeIgniter.php(507): CodeIgniter\CodeIgniter->runController(Object(App\Controllers\AttendanceController))
 8 SYSTEMPATH\CodeIgniter.php(354): CodeIgniter\CodeIgniter->handleRequest(null, Object(Config\Cache), false)
 9 SYSTEMPATH\Boot.php(334): CodeIgniter\CodeIgniter->run()
10 SYSTEMPATH\Boot.php(67): CodeIgniter\Boot::runCodeIgniter(Object(CodeIgniter\CodeIgniter))
11 FCPATH\index.php(59): CodeIgniter\Boot::bootWeb(Object(Config\Paths))
CRITICAL - 2026-01-13 07:21:55 --> ErrorException: Undefined variable $base_url
[Method: GET, Route: timein]
in APPPATH\Views\pages\attendance\time-in.php on line 100.
 1 APPPATH\Views\pages\attendance\time-in.php(100): CodeIgniter\Debug\Exceptions->errorHandler(2, 'Undefined variable $base_url', 'C:\\xampp\\htdocs\\holibeancoffee\\app\\Views\\pages\\attendance\\time-in.php', 100)
 2 SYSTEMPATH\View\View.php(224): include('C:\\xampp\\htdocs\\holibeancoffee\\app\\Views\\pages\\attendance\\time-in.php')
 3 SYSTEMPATH\View\View.php(227): CodeIgniter\View\View->CodeIgniter\View\{closure}()
 4 SYSTEMPATH\Common.php(1173): CodeIgniter\View\View->render('pages/attendance/time-in', [], true)
 5 APPPATH\Controllers\AttendanceController.php(10): view('pages/attendance/time-in')
 6 SYSTEMPATH\CodeIgniter.php(933): App\Controllers\AttendanceController->TimeIn()
 7 SYSTEMPATH\CodeIgniter.php(507): CodeIgniter\CodeIgniter->runController(Object(App\Controllers\AttendanceController))
 8 SYSTEMPATH\CodeIgniter.php(354): CodeIgniter\CodeIgniter->handleRequest(null, Object(Config\Cache), false)
 9 SYSTEMPATH\Boot.php(334): CodeIgniter\CodeIgniter->run()
10 SYSTEMPATH\Boot.php(67): CodeIgniter\Boot::runCodeIgniter(Object(CodeIgniter\CodeIgniter))
11 FCPATH\index.php(59): CodeIgniter\Boot::bootWeb(Object(Config\Paths))
CRITICAL - 2026-01-13 07:37:32 --> TypeError: App\Controllers\AttendanceController::Location(): Return value must be of type string, none returned
[Method: GET, Route: location]
in APPPATH\Controllers\AttendanceController.php on line 39.
 1 SYSTEMPATH\CodeIgniter.php(933): App\Controllers\AttendanceController->Location()
 2 SYSTEMPATH\CodeIgniter.php(507): CodeIgniter\CodeIgniter->runController(Object(App\Controllers\AttendanceController))
 3 SYSTEMPATH\CodeIgniter.php(354): CodeIgniter\CodeIgniter->handleRequest(null, Object(Config\Cache), false)
 4 SYSTEMPATH\Boot.php(334): CodeIgniter\CodeIgniter->run()
 5 SYSTEMPATH\Boot.php(67): CodeIgniter\Boot::runCodeIgniter(Object(CodeIgniter\CodeIgniter))
 6 FCPATH\index.php(59): CodeIgniter\Boot::bootWeb(Object(Config\Paths))
CRITICAL - 2026-01-13 08:02:09 --> ErrorException: Undefined variable $request
[Method: GET, Route: location]
in APPPATH\Controllers\AttendanceController.php on line 20.
 1 APPPATH\Controllers\AttendanceController.php(20): CodeIgniter\Debug\Exceptions->errorHandler(2, 'Undefined variable $request', 'C:\\xampp\\htdocs\\holibeancoffee\\app\\Controllers\\AttendanceController.php', 20)
 2 SYSTEMPATH\CodeIgniter.php(933): App\Controllers\AttendanceController->Location()
 3 SYSTEMPATH\CodeIgniter.php(507): CodeIgniter\CodeIgniter->runController(Object(App\Controllers\AttendanceController))
 4 SYSTEMPATH\CodeIgniter.php(354): CodeIgniter\CodeIgniter->handleRequest(null, Object(Config\Cache), false)
 5 SYSTEMPATH\Boot.php(334): CodeIgniter\CodeIgniter->run()
 6 SYSTEMPATH\Boot.php(67): CodeIgniter\Boot::runCodeIgniter(Object(CodeIgniter\CodeIgniter))
 7 FCPATH\index.php(59): CodeIgniter\Boot::bootWeb(Object(Config\Paths))
CRITICAL - 2026-01-13 08:02:44 --> ErrorException: Undefined variable $request
[Method: GET, Route: location]
in APPPATH\Controllers\AttendanceController.php on line 20.
 1 APPPATH\Controllers\AttendanceController.php(20): CodeIgniter\Debug\Exceptions->errorHandler(2, 'Undefined variable $request', 'C:\\xampp\\htdocs\\holibeancoffee\\app\\Controllers\\AttendanceController.php', 20)
 2 SYSTEMPATH\CodeIgniter.php(933): App\Controllers\AttendanceController->Location()
 3 SYSTEMPATH\CodeIgniter.php(507): CodeIgniter\CodeIgniter->runController(Object(App\Controllers\AttendanceController))
 4 SYSTEMPATH\CodeIgniter.php(354): CodeIgniter\CodeIgniter->handleRequest(null, Object(Config\Cache), false)
 5 SYSTEMPATH\Boot.php(334): CodeIgniter\CodeIgniter->run()
 6 SYSTEMPATH\Boot.php(67): CodeIgniter\Boot::runCodeIgniter(Object(CodeIgniter\CodeIgniter))
 7 FCPATH\index.php(59): CodeIgniter\Boot::bootWeb(Object(Config\Paths))
CRITICAL - 2026-01-13 08:02:45 --> ErrorException: Undefined variable $request
[Method: GET, Route: location]
in APPPATH\Controllers\AttendanceController.php on line 20.
 1 APPPATH\Controllers\AttendanceController.php(20): CodeIgniter\Debug\Exceptions->errorHandler(2, 'Undefined variable $request', 'C:\\xampp\\htdocs\\holibeancoffee\\app\\Controllers\\AttendanceController.php', 20)
 2 SYSTEMPATH\CodeIgniter.php(933): App\Controllers\AttendanceController->Location()
 3 SYSTEMPATH\CodeIgniter.php(507): CodeIgniter\CodeIgniter->runController(Object(App\Controllers\AttendanceController))
 4 SYSTEMPATH\CodeIgniter.php(354): CodeIgniter\CodeIgniter->handleRequest(null, Object(Config\Cache), false)
 5 SYSTEMPATH\Boot.php(334): CodeIgniter\CodeIgniter->run()
 6 SYSTEMPATH\Boot.php(67): CodeIgniter\Boot::runCodeIgniter(Object(CodeIgniter\CodeIgniter))
 7 FCPATH\index.php(59): CodeIgniter\Boot::bootWeb(Object(Config\Paths))
