CRITICAL - 2026-01-26 01:18:08 --> ErrorException: preg_replace_callback(): Allocation of JIT memory failed, PCRE JIT will be disabled. This is likely caused by security restrictions. Either grant PHP permission to allocate executable memory, or set pcre.jit=0
[Method: GET, Route: timein]
in SYSTEMPATH\HTTP\URI.php on line 1032.
 1 [internal function]: CodeIgniter\Debug\Exceptions->errorHandler(2, 'preg_replace_callback(): Allocation of JIT memory failed, PCRE JIT will be disabled. This is likely caused by security restrictions. Either grant PHP permission to allocate executable memory, or set pcre.jit=0', 'C:\\xampp\\htdocs\\holibeancoffee\\system\\HTTP\\URI.php', 1032)
 2 SYSTEMPATH\HTTP\URI.php(1032): preg_replace_callback('/(?:[^a-zA-Z0-9_\\-\\.~:@&=\\+\\$,\\/;%]+|%(?![A-Fa-f0-9]{2}))/', Object(Closure), '/holibeancoffee/')
 3 SYSTEMPATH\HTTP\URI.php(1068): CodeIgniter\HTTP\URI->filterPath('/holibeancoffee/')
 4 SYSTEMPATH\HTTP\URI.php(315): CodeIgniter\HTTP\URI->applyParts([...])
 5 SYSTEMPATH\HTTP\URI.php(264): CodeIgniter\HTTP\URI->setURI('http://localhost/holibeancoffee/')
 6 SYSTEMPATH\HTTP\SiteURI.php(149): CodeIgniter\HTTP\URI->__construct('http://localhost/holibeancoffee/')
 7 SYSTEMPATH\HTTP\SiteURI.php(102): CodeIgniter\HTTP\SiteURI->determineBaseURL(Object(Config\App), null, null)
 8 SYSTEMPATH\HTTP\SiteURIFactory.php(212): CodeIgniter\HTTP\SiteURI->__construct(Object(Config\App), 'timein', null)
 9 SYSTEMPATH\HTTP\SiteURIFactory.php(42): CodeIgniter\HTTP\SiteURIFactory->createURIFromRoutePath('timein')
10 SYSTEMPATH\Config\Services.php(816): CodeIgniter\HTTP\SiteURIFactory->createFromGlobals()
11 SYSTEMPATH\Config\BaseService.php(312): CodeIgniter\Config\Services::uri(null, false)
12 SYSTEMPATH\Config\BaseService.php(251): CodeIgniter\Config\BaseService::__callStatic('uri', [...])
13 SYSTEMPATH\Config\Services.php(809): CodeIgniter\Config\BaseService::getSharedInstance('uri', null)
14 SYSTEMPATH\Config\BaseService.php(321): CodeIgniter\Config\Services::uri()
15 SYSTEMPATH\Config\BaseService.php(202): CodeIgniter\Config\BaseService::__callStatic('uri', [])
16 SYSTEMPATH\Config\Services.php(570): CodeIgniter\Config\BaseService::get('uri')
17 SYSTEMPATH\Config\BaseService.php(312): CodeIgniter\Config\Services::incomingrequest(Object(Config\App), false)
18 SYSTEMPATH\Config\Services.php(528): CodeIgniter\Config\BaseService::__callStatic('incomingrequest', [...])
19 SYSTEMPATH\Config\BaseService.php(321): CodeIgniter\Config\Services::request(Object(Config\App), false)
20 SYSTEMPATH\Config\BaseService.php(251): CodeIgniter\Config\BaseService::__callStatic('request', [...])
21 SYSTEMPATH\Config\Services.php(563): CodeIgniter\Config\BaseService::getSharedInstance('request', Object(Config\App))
22 SYSTEMPATH\Config\BaseService.php(321): CodeIgniter\Config\Services::incomingrequest(Object(Config\App))
23 SYSTEMPATH\Config\Services.php(543): CodeIgniter\Config\BaseService::__callStatic('incomingrequest', [...])
24 SYSTEMPATH\Config\BaseService.php(321): CodeIgniter\Config\Services::createRequest(Object(Config\App))
25 SYSTEMPATH\CodeIgniter.php(650): CodeIgniter\Config\BaseService::__callStatic('createRequest', [...])
26 SYSTEMPATH\CodeIgniter.php(336): CodeIgniter\CodeIgniter->getRequestObject()
27 SYSTEMPATH\Boot.php(334): CodeIgniter\CodeIgniter->run()
28 SYSTEMPATH\Boot.php(67): CodeIgniter\Boot::runCodeIgniter(Object(CodeIgniter\CodeIgniter))
29 FCPATH\index.php(59): CodeIgniter\Boot::bootWeb(Object(Config\Paths))
