CRITICAL - 2026-02-05 02:13:28 --> ErrorException: Undefined array key "emp_info_id"
[Method: POST, Route: send_out]
in APPPATH\Models\Attendance.php on line 21.
 1 APPPATH\Models\Attendance.php(21): CodeIgniter\Debug\Exceptions->errorHandler(2, 'Undefined array key "emp_info_id"', 'C:\\xampp\\htdocs\\holibeancoffee\\app\\Models\\Attendance.php', 21)
 2 APPPATH\Controllers\AttendanceController.php(129): App\Models\Attendance->time_out([...])
 3 SYSTEMPATH\CodeIgniter.php(933): App\Controllers\AttendanceController->Send_Out()
 4 SYSTEMPATH\CodeIgniter.php(507): CodeIgniter\CodeIgniter->runController(Object(App\Controllers\AttendanceController))
 5 SYSTEMPATH\CodeIgniter.php(354): CodeIgniter\CodeIgniter->handleRequest(null, Object(Config\Cache), false)
 6 SYSTEMPATH\Boot.php(334): CodeIgniter\CodeIgniter->run()
 7 SYSTEMPATH\Boot.php(67): CodeIgniter\Boot::runCodeIgniter(Object(CodeIgniter\CodeIgniter))
 8 FCPATH\index.php(59): CodeIgniter\Boot::bootWeb(Object(Config\Paths))
CRITICAL - 2026-02-05 02:29:03 --> Error: Call to a member function getRandomName() on string
[Method: POST, Route: uploadPhoto]
in APPPATH\Controllers\AttendanceController.php on line 137.
 1 SYSTEMPATH\CodeIgniter.php(933): App\Controllers\AttendanceController->uploadPhoto()
 2 SYSTEMPATH\CodeIgniter.php(507): CodeIgniter\CodeIgniter->runController(Object(App\Controllers\AttendanceController))
 3 SYSTEMPATH\CodeIgniter.php(354): CodeIgniter\CodeIgniter->handleRequest(null, Object(Config\Cache), false)
 4 SYSTEMPATH\Boot.php(334): CodeIgniter\CodeIgniter->run()
 5 SYSTEMPATH\Boot.php(67): CodeIgniter\Boot::runCodeIgniter(Object(CodeIgniter\CodeIgniter))
 6 FCPATH\index.php(59): CodeIgniter\Boot::bootWeb(Object(Config\Paths))
CRITICAL - 2026-02-05 02:34:14 --> Error: Call to a member function getRandomName() on string
[Method: POST, Route: uploadPhoto]
in APPPATH\Controllers\AttendanceController.php on line 137.
 1 SYSTEMPATH\CodeIgniter.php(933): App\Controllers\AttendanceController->uploadPhoto()
 2 SYSTEMPATH\CodeIgniter.php(507): CodeIgniter\CodeIgniter->runController(Object(App\Controllers\AttendanceController))
 3 SYSTEMPATH\CodeIgniter.php(354): CodeIgniter\CodeIgniter->handleRequest(null, Object(Config\Cache), false)
 4 SYSTEMPATH\Boot.php(334): CodeIgniter\CodeIgniter->run()
 5 SYSTEMPATH\Boot.php(67): CodeIgniter\Boot::runCodeIgniter(Object(CodeIgniter\CodeIgniter))
 6 FCPATH\index.php(59): CodeIgniter\Boot::bootWeb(Object(Config\Paths))
CRITICAL - 2026-02-05 02:36:52 --> Error: Call to undefined function App\Controllers\alert()
[Method: POST, Route: uploadPhoto]
in APPPATH\Controllers\AttendanceController.php on line 136.
 1 SYSTEMPATH\CodeIgniter.php(933): App\Controllers\AttendanceController->uploadPhoto()
 2 SYSTEMPATH\CodeIgniter.php(507): CodeIgniter\CodeIgniter->runController(Object(App\Controllers\AttendanceController))
 3 SYSTEMPATH\CodeIgniter.php(354): CodeIgniter\CodeIgniter->handleRequest(null, Object(Config\Cache), false)
 4 SYSTEMPATH\Boot.php(334): CodeIgniter\CodeIgniter->run()
 5 SYSTEMPATH\Boot.php(67): CodeIgniter\Boot::runCodeIgniter(Object(CodeIgniter\CodeIgniter))
 6 FCPATH\index.php(59): CodeIgniter\Boot::bootWeb(Object(Config\Paths))
CRITICAL - 2026-02-05 02:36:59 --> Error: Call to undefined function App\Controllers\alert()
[Method: POST, Route: uploadPhoto]
in APPPATH\Controllers\AttendanceController.php on line 136.
 1 SYSTEMPATH\CodeIgniter.php(933): App\Controllers\AttendanceController->uploadPhoto()
 2 SYSTEMPATH\CodeIgniter.php(507): CodeIgniter\CodeIgniter->runController(Object(App\Controllers\AttendanceController))
 3 SYSTEMPATH\CodeIgniter.php(354): CodeIgniter\CodeIgniter->handleRequest(null, Object(Config\Cache), false)
 4 SYSTEMPATH\Boot.php(334): CodeIgniter\CodeIgniter->run()
 5 SYSTEMPATH\Boot.php(67): CodeIgniter\Boot::runCodeIgniter(Object(CodeIgniter\CodeIgniter))
 6 FCPATH\index.php(59): CodeIgniter\Boot::bootWeb(Object(Config\Paths))
CRITICAL - 2026-02-05 02:38:24 --> Error: Call to undefined function App\Controllers\alert()
[Method: POST, Route: uploadPhoto]
in APPPATH\Controllers\AttendanceController.php on line 136.
 1 SYSTEMPATH\CodeIgniter.php(933): App\Controllers\AttendanceController->uploadPhoto()
 2 SYSTEMPATH\CodeIgniter.php(507): CodeIgniter\CodeIgniter->runController(Object(App\Controllers\AttendanceController))
 3 SYSTEMPATH\CodeIgniter.php(354): CodeIgniter\CodeIgniter->handleRequest(null, Object(Config\Cache), false)
 4 SYSTEMPATH\Boot.php(334): CodeIgniter\CodeIgniter->run()
 5 SYSTEMPATH\Boot.php(67): CodeIgniter\Boot::runCodeIgniter(Object(CodeIgniter\CodeIgniter))
 6 FCPATH\index.php(59): CodeIgniter\Boot::bootWeb(Object(Config\Paths))
CRITICAL - 2026-02-05 02:38:31 --> Error: Call to undefined function App\Controllers\alert()
[Method: POST, Route: uploadPhoto]
in APPPATH\Controllers\AttendanceController.php on line 136.
 1 SYSTEMPATH\CodeIgniter.php(933): App\Controllers\AttendanceController->uploadPhoto()
 2 SYSTEMPATH\CodeIgniter.php(507): CodeIgniter\CodeIgniter->runController(Object(App\Controllers\AttendanceController))
 3 SYSTEMPATH\CodeIgniter.php(354): CodeIgniter\CodeIgniter->handleRequest(null, Object(Config\Cache), false)
 4 SYSTEMPATH\Boot.php(334): CodeIgniter\CodeIgniter->run()
 5 SYSTEMPATH\Boot.php(67): CodeIgniter\Boot::runCodeIgniter(Object(CodeIgniter\CodeIgniter))
 6 FCPATH\index.php(59): CodeIgniter\Boot::bootWeb(Object(Config\Paths))
CRITICAL - 2026-02-05 02:44:11 --> Error: Call to undefined function App\Controllers\alert()
[Method: POST, Route: uploadPhoto]
in APPPATH\Controllers\AttendanceController.php on line 136.
 1 SYSTEMPATH\CodeIgniter.php(933): App\Controllers\AttendanceController->uploadPhoto()
 2 SYSTEMPATH\CodeIgniter.php(507): CodeIgniter\CodeIgniter->runController(Object(App\Controllers\AttendanceController))
 3 SYSTEMPATH\CodeIgniter.php(354): CodeIgniter\CodeIgniter->handleRequest(null, Object(Config\Cache), false)
 4 SYSTEMPATH\Boot.php(334): CodeIgniter\CodeIgniter->run()
 5 SYSTEMPATH\Boot.php(67): CodeIgniter\Boot::runCodeIgniter(Object(CodeIgniter\CodeIgniter))
 6 FCPATH\index.php(59): CodeIgniter\Boot::bootWeb(Object(Config\Paths))
CRITICAL - 2026-02-05 02:44:22 --> Error: Call to undefined function App\Controllers\alert()
[Method: POST, Route: uploadPhoto]
in APPPATH\Controllers\AttendanceController.php on line 136.
 1 SYSTEMPATH\CodeIgniter.php(933): App\Controllers\AttendanceController->uploadPhoto()
 2 SYSTEMPATH\CodeIgniter.php(507): CodeIgniter\CodeIgniter->runController(Object(App\Controllers\AttendanceController))
 3 SYSTEMPATH\CodeIgniter.php(354): CodeIgniter\CodeIgniter->handleRequest(null, Object(Config\Cache), false)
 4 SYSTEMPATH\Boot.php(334): CodeIgniter\CodeIgniter->run()
 5 SYSTEMPATH\Boot.php(67): CodeIgniter\Boot::runCodeIgniter(Object(CodeIgniter\CodeIgniter))
 6 FCPATH\index.php(59): CodeIgniter\Boot::bootWeb(Object(Config\Paths))
CRITICAL - 2026-02-05 05:37:20 --> Error: Call to undefined function App\Controllers\alert()
[Method: POST, Route: uploadPhoto]
in APPPATH\Controllers\AttendanceController.php on line 136.
 1 SYSTEMPATH\CodeIgniter.php(933): App\Controllers\AttendanceController->uploadPhoto()
 2 SYSTEMPATH\CodeIgniter.php(507): CodeIgniter\CodeIgniter->runController(Object(App\Controllers\AttendanceController))
 3 SYSTEMPATH\CodeIgniter.php(354): CodeIgniter\CodeIgniter->handleRequest(null, Object(Config\Cache), false)
 4 SYSTEMPATH\Boot.php(334): CodeIgniter\CodeIgniter->run()
 5 SYSTEMPATH\Boot.php(67): CodeIgniter\Boot::runCodeIgniter(Object(CodeIgniter\CodeIgniter))
 6 FCPATH\index.php(59): CodeIgniter\Boot::bootWeb(Object(Config\Paths))
CRITICAL - 2026-02-05 05:47:13 --> Error: Call to undefined function App\Controllers\alert()
[Method: POST, Route: uploadPhoto]
in APPPATH\Controllers\AttendanceController.php on line 136.
 1 SYSTEMPATH\CodeIgniter.php(933): App\Controllers\AttendanceController->uploadPhoto()
 2 SYSTEMPATH\CodeIgniter.php(507): CodeIgniter\CodeIgniter->runController(Object(App\Controllers\AttendanceController))
 3 SYSTEMPATH\CodeIgniter.php(354): CodeIgniter\CodeIgniter->handleRequest(null, Object(Config\Cache), false)
 4 SYSTEMPATH\Boot.php(334): CodeIgniter\CodeIgniter->run()
 5 SYSTEMPATH\Boot.php(67): CodeIgniter\Boot::runCodeIgniter(Object(CodeIgniter\CodeIgniter))
 6 FCPATH\index.php(59): CodeIgniter\Boot::bootWeb(Object(Config\Paths))
CRITICAL - 2026-02-05 05:47:19 --> Error: Call to undefined function App\Controllers\alert()
[Method: POST, Route: uploadPhoto]
in APPPATH\Controllers\AttendanceController.php on line 136.
 1 SYSTEMPATH\CodeIgniter.php(933): App\Controllers\AttendanceController->uploadPhoto()
 2 SYSTEMPATH\CodeIgniter.php(507): CodeIgniter\CodeIgniter->runController(Object(App\Controllers\AttendanceController))
 3 SYSTEMPATH\CodeIgniter.php(354): CodeIgniter\CodeIgniter->handleRequest(null, Object(Config\Cache), false)
 4 SYSTEMPATH\Boot.php(334): CodeIgniter\CodeIgniter->run()
 5 SYSTEMPATH\Boot.php(67): CodeIgniter\Boot::runCodeIgniter(Object(CodeIgniter\CodeIgniter))
 6 FCPATH\index.php(59): CodeIgniter\Boot::bootWeb(Object(Config\Paths))
CRITICAL - 2026-02-05 05:48:40 --> Error: Call to undefined function App\Controllers\alert()
[Method: POST, Route: uploadPhoto]
in APPPATH\Controllers\AttendanceController.php on line 136.
 1 SYSTEMPATH\CodeIgniter.php(933): App\Controllers\AttendanceController->uploadPhoto()
 2 SYSTEMPATH\CodeIgniter.php(507): CodeIgniter\CodeIgniter->runController(Object(App\Controllers\AttendanceController))
 3 SYSTEMPATH\CodeIgniter.php(354): CodeIgniter\CodeIgniter->handleRequest(null, Object(Config\Cache), false)
 4 SYSTEMPATH\Boot.php(334): CodeIgniter\CodeIgniter->run()
 5 SYSTEMPATH\Boot.php(67): CodeIgniter\Boot::runCodeIgniter(Object(CodeIgniter\CodeIgniter))
 6 FCPATH\index.php(59): CodeIgniter\Boot::bootWeb(Object(Config\Paths))
CRITICAL - 2026-02-05 05:53:12 --> Error: Call to undefined function App\Controllers\alert()
[Method: POST, Route: uploadPhoto]
in APPPATH\Controllers\AttendanceController.php on line 136.
 1 SYSTEMPATH\CodeIgniter.php(933): App\Controllers\AttendanceController->uploadPhoto()
 2 SYSTEMPATH\CodeIgniter.php(507): CodeIgniter\CodeIgniter->runController(Object(App\Controllers\AttendanceController))
 3 SYSTEMPATH\CodeIgniter.php(354): CodeIgniter\CodeIgniter->handleRequest(null, Object(Config\Cache), false)
 4 SYSTEMPATH\Boot.php(334): CodeIgniter\CodeIgniter->run()
 5 SYSTEMPATH\Boot.php(67): CodeIgniter\Boot::runCodeIgniter(Object(CodeIgniter\CodeIgniter))
 6 FCPATH\index.php(59): CodeIgniter\Boot::bootWeb(Object(Config\Paths))
CRITICAL - 2026-02-05 05:54:16 --> Error: Call to undefined function App\Controllers\alert()
[Method: POST, Route: uploadPhoto]
in APPPATH\Controllers\AttendanceController.php on line 136.
 1 SYSTEMPATH\CodeIgniter.php(933): App\Controllers\AttendanceController->uploadPhoto()
 2 SYSTEMPATH\CodeIgniter.php(507): CodeIgniter\CodeIgniter->runController(Object(App\Controllers\AttendanceController))
 3 SYSTEMPATH\CodeIgniter.php(354): CodeIgniter\CodeIgniter->handleRequest(null, Object(Config\Cache), false)
 4 SYSTEMPATH\Boot.php(334): CodeIgniter\CodeIgniter->run()
 5 SYSTEMPATH\Boot.php(67): CodeIgniter\Boot::runCodeIgniter(Object(CodeIgniter\CodeIgniter))
 6 FCPATH\index.php(59): CodeIgniter\Boot::bootWeb(Object(Config\Paths))
CRITICAL - 2026-02-05 05:54:20 --> Error: Call to undefined function App\Controllers\alert()
[Method: POST, Route: uploadPhoto]
in APPPATH\Controllers\AttendanceController.php on line 136.
 1 SYSTEMPATH\CodeIgniter.php(933): App\Controllers\AttendanceController->uploadPhoto()
 2 SYSTEMPATH\CodeIgniter.php(507): CodeIgniter\CodeIgniter->runController(Object(App\Controllers\AttendanceController))
 3 SYSTEMPATH\CodeIgniter.php(354): CodeIgniter\CodeIgniter->handleRequest(null, Object(Config\Cache), false)
 4 SYSTEMPATH\Boot.php(334): CodeIgniter\CodeIgniter->run()
 5 SYSTEMPATH\Boot.php(67): CodeIgniter\Boot::runCodeIgniter(Object(CodeIgniter\CodeIgniter))
 6 FCPATH\index.php(59): CodeIgniter\Boot::bootWeb(Object(Config\Paths))
CRITICAL - 2026-02-05 06:05:00 --> ErrorException: Undefined variable $filename
[Method: POST, Route: uploadPhoto]
in APPPATH\Controllers\AttendanceController.php on line 145.
 1 APPPATH\Controllers\AttendanceController.php(145): CodeIgniter\Debug\Exceptions->errorHandler(2, 'Undefined variable $filename', 'C:\\xampp\\htdocs\\holibeancoffee\\app\\Controllers\\AttendanceController.php', 145)
 2 SYSTEMPATH\CodeIgniter.php(933): App\Controllers\AttendanceController->uploadPhoto()
 3 SYSTEMPATH\CodeIgniter.php(507): CodeIgniter\CodeIgniter->runController(Object(App\Controllers\AttendanceController))
 4 SYSTEMPATH\CodeIgniter.php(354): CodeIgniter\CodeIgniter->handleRequest(null, Object(Config\Cache), false)
 5 SYSTEMPATH\Boot.php(334): CodeIgniter\CodeIgniter->run()
 6 SYSTEMPATH\Boot.php(67): CodeIgniter\Boot::runCodeIgniter(Object(CodeIgniter\CodeIgniter))
 7 FCPATH\index.php(59): CodeIgniter\Boot::bootWeb(Object(Config\Paths))
CRITICAL - 2026-02-05 06:51:00 --> Error: Call to a member function move() on string
[Method: POST, Route: uploadPhoto]
in APPPATH\Controllers\AttendanceController.php on line 150.
 1 SYSTEMPATH\CodeIgniter.php(933): App\Controllers\AttendanceController->uploadPhoto()
 2 SYSTEMPATH\CodeIgniter.php(507): CodeIgniter\CodeIgniter->runController(Object(App\Controllers\AttendanceController))
 3 SYSTEMPATH\CodeIgniter.php(354): CodeIgniter\CodeIgniter->handleRequest(null, Object(Config\Cache), false)
 4 SYSTEMPATH\Boot.php(334): CodeIgniter\CodeIgniter->run()
 5 SYSTEMPATH\Boot.php(67): CodeIgniter\Boot::runCodeIgniter(Object(CodeIgniter\CodeIgniter))
 6 FCPATH\index.php(59): CodeIgniter\Boot::bootWeb(Object(Config\Paths))
