CRITICAL - 2026-02-19 02:30:31 --> ArgumentCountError: Too few arguments to function App\Controllers\AttendanceController::activity(), 2 passed in C:\xampp\htdocs\holibeancoffee\app\Controllers\AttendanceController.php on line 140 and exactly 3 expected
[Method: POST, Route: send_out]
in APPPATH\Controllers\AttendanceController.php on line 163.
 1 APPPATH\Controllers\AttendanceController.php(140): App\Controllers\AttendanceController->activity('APMC Building, Amorsolo Street, Legazpi Village, San Lorenzo, District I, Makati, Southern Manila District, Metro Manila, 1229, Philippines', 'Clock Out')
 2 SYSTEMPATH\CodeIgniter.php(933): App\Controllers\AttendanceController->Send_Out()
 3 SYSTEMPATH\CodeIgniter.php(507): CodeIgniter\CodeIgniter->runController(Object(App\Controllers\AttendanceController))
 4 SYSTEMPATH\CodeIgniter.php(354): CodeIgniter\CodeIgniter->handleRequest(null, Object(Config\Cache), false)
 5 SYSTEMPATH\Boot.php(334): CodeIgniter\CodeIgniter->run()
 6 SYSTEMPATH\Boot.php(67): CodeIgniter\Boot::runCodeIgniter(Object(CodeIgniter\CodeIgniter))
 7 FCPATH\index.php(59): CodeIgniter\Boot::bootWeb(Object(Config\Paths))
CRITICAL - 2026-02-19 02:30:36 --> ArgumentCountError: Too few arguments to function App\Controllers\AttendanceController::activity(), 2 passed in C:\xampp\htdocs\holibeancoffee\app\Controllers\AttendanceController.php on line 140 and exactly 3 expected
[Method: POST, Route: send_out]
in APPPATH\Controllers\AttendanceController.php on line 163.
 1 APPPATH\Controllers\AttendanceController.php(140): App\Controllers\AttendanceController->activity('APMC Building, Amorsolo Street, Legazpi Village, San Lorenzo, District I, Makati, Southern Manila District, Metro Manila, 1229, Philippines', 'Clock Out')
 2 SYSTEMPATH\CodeIgniter.php(933): App\Controllers\AttendanceController->Send_Out()
 3 SYSTEMPATH\CodeIgniter.php(507): CodeIgniter\CodeIgniter->runController(Object(App\Controllers\AttendanceController))
 4 SYSTEMPATH\CodeIgniter.php(354): CodeIgniter\CodeIgniter->handleRequest(null, Object(Config\Cache), false)
 5 SYSTEMPATH\Boot.php(334): CodeIgniter\CodeIgniter->run()
 6 SYSTEMPATH\Boot.php(67): CodeIgniter\Boot::runCodeIgniter(Object(CodeIgniter\CodeIgniter))
 7 FCPATH\index.php(59): CodeIgniter\Boot::bootWeb(Object(Config\Paths))
CRITICAL - 2026-02-19 02:47:05 --> ParseError: syntax error, unexpected variable "$filename", expecting ")"
[Method: POST, Route: history]
in APPPATH\Controllers\AttendanceController.php on line 155.
 1 SYSTEMPATH\Autoloader\Autoloader.php(295): CodeIgniter\Autoloader\Autoloader->includeFile('C:\\xampp\\htdocs\\holibeancoffee\\app\\Controllers\\AttendanceController.php')
 2 SYSTEMPATH\Autoloader\Autoloader.php(271): CodeIgniter\Autoloader\Autoloader->loadInNamespace('App\\Controllers\\AttendanceController')
 3 [internal function]: CodeIgniter\Autoloader\Autoloader->loadClass('App\\Controllers\\AttendanceController')
 4 SYSTEMPATH\CodeIgniter.php(885): class_exists('\\App\\Controllers\\AttendanceController', true)
 5 SYSTEMPATH\CodeIgniter.php(494): CodeIgniter\CodeIgniter->startController()
 6 SYSTEMPATH\CodeIgniter.php(354): CodeIgniter\CodeIgniter->handleRequest(null, Object(Config\Cache), false)
 7 SYSTEMPATH\Boot.php(334): CodeIgniter\CodeIgniter->run()
 8 SYSTEMPATH\Boot.php(67): CodeIgniter\Boot::runCodeIgniter(Object(CodeIgniter\CodeIgniter))
 9 FCPATH\index.php(59): CodeIgniter\Boot::bootWeb(Object(Config\Paths))
CRITICAL - 2026-02-19 02:47:05 --> ParseError: syntax error, unexpected variable "$filename", expecting ")"
[Method: POST, Route: checkTimeIn]
in APPPATH\Controllers\AttendanceController.php on line 155.
 1 SYSTEMPATH\Autoloader\Autoloader.php(295): CodeIgniter\Autoloader\Autoloader->includeFile('C:\\xampp\\htdocs\\holibeancoffee\\app\\Controllers\\AttendanceController.php')
 2 SYSTEMPATH\Autoloader\Autoloader.php(271): CodeIgniter\Autoloader\Autoloader->loadInNamespace('App\\Controllers\\AttendanceController')
 3 [internal function]: CodeIgniter\Autoloader\Autoloader->loadClass('App\\Controllers\\AttendanceController')
 4 SYSTEMPATH\CodeIgniter.php(885): class_exists('\\App\\Controllers\\AttendanceController', true)
 5 SYSTEMPATH\CodeIgniter.php(494): CodeIgniter\CodeIgniter->startController()
 6 SYSTEMPATH\CodeIgniter.php(354): CodeIgniter\CodeIgniter->handleRequest(null, Object(Config\Cache), false)
 7 SYSTEMPATH\Boot.php(334): CodeIgniter\CodeIgniter->run()
 8 SYSTEMPATH\Boot.php(67): CodeIgniter\Boot::runCodeIgniter(Object(CodeIgniter\CodeIgniter))
 9 FCPATH\index.php(59): CodeIgniter\Boot::bootWeb(Object(Config\Paths))
CRITICAL - 2026-02-19 02:47:06 --> ParseError: syntax error, unexpected variable "$filename", expecting ")"
[Method: POST, Route: location]
in APPPATH\Controllers\AttendanceController.php on line 155.
 1 SYSTEMPATH\Autoloader\Autoloader.php(295): CodeIgniter\Autoloader\Autoloader->includeFile('C:\\xampp\\htdocs\\holibeancoffee\\app\\Controllers\\AttendanceController.php')
 2 SYSTEMPATH\Autoloader\Autoloader.php(271): CodeIgniter\Autoloader\Autoloader->loadInNamespace('App\\Controllers\\AttendanceController')
 3 [internal function]: CodeIgniter\Autoloader\Autoloader->loadClass('App\\Controllers\\AttendanceController')
 4 SYSTEMPATH\CodeIgniter.php(885): class_exists('\\App\\Controllers\\AttendanceController', true)
 5 SYSTEMPATH\CodeIgniter.php(494): CodeIgniter\CodeIgniter->startController()
 6 SYSTEMPATH\CodeIgniter.php(354): CodeIgniter\CodeIgniter->handleRequest(null, Object(Config\Cache), false)
 7 SYSTEMPATH\Boot.php(334): CodeIgniter\CodeIgniter->run()
 8 SYSTEMPATH\Boot.php(67): CodeIgniter\Boot::runCodeIgniter(Object(CodeIgniter\CodeIgniter))
 9 FCPATH\index.php(59): CodeIgniter\Boot::bootWeb(Object(Config\Paths))
CRITICAL - 2026-02-19 02:53:06 --> ErrorException: Undefined array key "imagePath"
[Method: POST, Route: send_in]
in APPPATH\Controllers\AttendanceController.php on line 123.
 1 APPPATH\Controllers\AttendanceController.php(123): CodeIgniter\Debug\Exceptions->errorHandler(2, 'Undefined array key "imagePath"', 'C:\\xampp\\htdocs\\holibeancoffee\\app\\Controllers\\AttendanceController.php', 123)
 2 SYSTEMPATH\CodeIgniter.php(933): App\Controllers\AttendanceController->Send_In()
 3 SYSTEMPATH\CodeIgniter.php(507): CodeIgniter\CodeIgniter->runController(Object(App\Controllers\AttendanceController))
 4 SYSTEMPATH\CodeIgniter.php(354): CodeIgniter\CodeIgniter->handleRequest(null, Object(Config\Cache), false)
 5 SYSTEMPATH\Boot.php(334): CodeIgniter\CodeIgniter->run()
 6 SYSTEMPATH\Boot.php(67): CodeIgniter\Boot::runCodeIgniter(Object(CodeIgniter\CodeIgniter))
 7 FCPATH\index.php(59): CodeIgniter\Boot::bootWeb(Object(Config\Paths))
CRITICAL - 2026-02-19 02:58:00 --> ErrorException: Undefined array key "imagePath"
[Method: POST, Route: send_out]
in APPPATH\Controllers\AttendanceController.php on line 140.
 1 APPPATH\Controllers\AttendanceController.php(140): CodeIgniter\Debug\Exceptions->errorHandler(2, 'Undefined array key "imagePath"', 'C:\\xampp\\htdocs\\holibeancoffee\\app\\Controllers\\AttendanceController.php', 140)
 2 SYSTEMPATH\CodeIgniter.php(933): App\Controllers\AttendanceController->Send_Out()
 3 SYSTEMPATH\CodeIgniter.php(507): CodeIgniter\CodeIgniter->runController(Object(App\Controllers\AttendanceController))
 4 SYSTEMPATH\CodeIgniter.php(354): CodeIgniter\CodeIgniter->handleRequest(null, Object(Config\Cache), false)
 5 SYSTEMPATH\Boot.php(334): CodeIgniter\CodeIgniter->run()
 6 SYSTEMPATH\Boot.php(67): CodeIgniter\Boot::runCodeIgniter(Object(CodeIgniter\CodeIgniter))
 7 FCPATH\index.php(59): CodeIgniter\Boot::bootWeb(Object(Config\Paths))
CRITICAL - 2026-02-19 03:18:57 --> ErrorException: Undefined array key "imagePath"
[Method: POST, Route: send_in]
in APPPATH\Controllers\AttendanceController.php on line 123.
 1 APPPATH\Controllers\AttendanceController.php(123): CodeIgniter\Debug\Exceptions->errorHandler(2, 'Undefined array key "imagePath"', 'C:\\xampp\\htdocs\\holibeancoffee\\app\\Controllers\\AttendanceController.php', 123)
 2 SYSTEMPATH\CodeIgniter.php(933): App\Controllers\AttendanceController->Send_In()
 3 SYSTEMPATH\CodeIgniter.php(507): CodeIgniter\CodeIgniter->runController(Object(App\Controllers\AttendanceController))
 4 SYSTEMPATH\CodeIgniter.php(354): CodeIgniter\CodeIgniter->handleRequest(null, Object(Config\Cache), false)
 5 SYSTEMPATH\Boot.php(334): CodeIgniter\CodeIgniter->run()
 6 SYSTEMPATH\Boot.php(67): CodeIgniter\Boot::runCodeIgniter(Object(CodeIgniter\CodeIgniter))
 7 FCPATH\index.php(59): CodeIgniter\Boot::bootWeb(Object(Config\Paths))
CRITICAL - 2026-02-19 03:19:30 --> ErrorException: Undefined array key "imagePath"
[Method: POST, Route: send_out]
in APPPATH\Controllers\AttendanceController.php on line 140.
 1 APPPATH\Controllers\AttendanceController.php(140): CodeIgniter\Debug\Exceptions->errorHandler(2, 'Undefined array key "imagePath"', 'C:\\xampp\\htdocs\\holibeancoffee\\app\\Controllers\\AttendanceController.php', 140)
 2 SYSTEMPATH\CodeIgniter.php(933): App\Controllers\AttendanceController->Send_Out()
 3 SYSTEMPATH\CodeIgniter.php(507): CodeIgniter\CodeIgniter->runController(Object(App\Controllers\AttendanceController))
 4 SYSTEMPATH\CodeIgniter.php(354): CodeIgniter\CodeIgniter->handleRequest(null, Object(Config\Cache), false)
 5 SYSTEMPATH\Boot.php(334): CodeIgniter\CodeIgniter->run()
 6 SYSTEMPATH\Boot.php(67): CodeIgniter\Boot::runCodeIgniter(Object(CodeIgniter\CodeIgniter))
 7 FCPATH\index.php(59): CodeIgniter\Boot::bootWeb(Object(Config\Paths))
CRITICAL - 2026-02-19 03:21:44 --> ErrorException: Undefined array key "imagePath"
[Method: POST, Route: send_in]
in APPPATH\Controllers\AttendanceController.php on line 123.
 1 APPPATH\Controllers\AttendanceController.php(123): CodeIgniter\Debug\Exceptions->errorHandler(2, 'Undefined array key "imagePath"', 'C:\\xampp\\htdocs\\holibeancoffee\\app\\Controllers\\AttendanceController.php', 123)
 2 SYSTEMPATH\CodeIgniter.php(933): App\Controllers\AttendanceController->Send_In()
 3 SYSTEMPATH\CodeIgniter.php(507): CodeIgniter\CodeIgniter->runController(Object(App\Controllers\AttendanceController))
 4 SYSTEMPATH\CodeIgniter.php(354): CodeIgniter\CodeIgniter->handleRequest(null, Object(Config\Cache), false)
 5 SYSTEMPATH\Boot.php(334): CodeIgniter\CodeIgniter->run()
 6 SYSTEMPATH\Boot.php(67): CodeIgniter\Boot::runCodeIgniter(Object(CodeIgniter\CodeIgniter))
 7 FCPATH\index.php(59): CodeIgniter\Boot::bootWeb(Object(Config\Paths))
CRITICAL - 2026-02-19 04:32:26 --> ErrorException: Undefined array key "imagePath"
[Method: POST, Route: send_in]
in APPPATH\Controllers\AttendanceController.php on line 123.
 1 APPPATH\Controllers\AttendanceController.php(123): CodeIgniter\Debug\Exceptions->errorHandler(2, 'Undefined array key "imagePath"', 'C:\\xampp\\htdocs\\holibeancoffee\\app\\Controllers\\AttendanceController.php', 123)
 2 SYSTEMPATH\CodeIgniter.php(933): App\Controllers\AttendanceController->Send_In()
 3 SYSTEMPATH\CodeIgniter.php(507): CodeIgniter\CodeIgniter->runController(Object(App\Controllers\AttendanceController))
 4 SYSTEMPATH\CodeIgniter.php(354): CodeIgniter\CodeIgniter->handleRequest(null, Object(Config\Cache), false)
 5 SYSTEMPATH\Boot.php(334): CodeIgniter\CodeIgniter->run()
 6 SYSTEMPATH\Boot.php(67): CodeIgniter\Boot::runCodeIgniter(Object(CodeIgniter\CodeIgniter))
 7 FCPATH\index.php(59): CodeIgniter\Boot::bootWeb(Object(Config\Paths))
